<?xml version="1.0" encoding="UTF-8"?>
<testng-results ignored="0" total="2" passed="2" failed="0" skipped="0">
  <reporter-output>
  </reporter-output>
  <suite started-at="2021-05-23T12:01:54Z" name="Default suite" finished-at="2021-05-23T12:01:54Z" duration-ms="55">
    <groups>
    </groups>
    <test started-at="2021-05-23T12:01:54Z" name="Default test" finished-at="2021-05-23T12:01:54Z" duration-ms="55">
      <class name="bankaDom.TestBankaKod">
        <test-method signature="konstruktor()[pri:0, instance:bankaDom.TestBankaKod@7770f470]" started-at="2021-05-23T12:01:54Z" name="konstruktor" finished-at="2021-05-23T12:01:54Z" duration-ms="16" status="PASS">
          <reporter-output>
          </reporter-output>
        </test-method> <!-- konstruktor -->
        <test-method signature="racun()[pri:0, instance:bankaDom.TestBankaKod@7770f470]" started-at="2021-05-23T12:01:54Z" name="racun" finished-at="2021-05-23T12:01:54Z" duration-ms="2" status="PASS">
          <reporter-output>
          </reporter-output>
        </test-method> <!-- racun -->
      </class> <!-- bankaDom.TestBankaKod -->
    </test> <!-- Default test -->
  </suite> <!-- Default suite -->
</testng-results>
